<?xml version="1.0" encoding="UTF-8"?>
<!-- Generated by org.testng.reporters.JUnitXMLReporter -->
<testsuite ignored="0" hostname="LAPTOP-II19GFEG" failures="0" tests="4" name="Surefire test" time="68.24" errors="0" timestamp="11 Jun 2022 08:14:18 GMT">
  <testcase classname="com.simplilearn.ApplicationTests" name="addStudent" time="18.782"/>
  <testcase classname="com.simplilearn.ApplicationTests" name="readStudent" time="11.342"/>
  <testcase classname="com.simplilearn.ApplicationTests" name="updateStudent" time="22.39"/>
  <testcase classname="com.simplilearn.ApplicationTests" name="removeStudent" time="15.694"/>
</testsuite> <!-- Surefire test -->
