<?xml version="1.0" encoding="UTF-8"?>
<testng-results ignored="0" total="4" passed="4" failed="0" skipped="0">
  <reporter-output>
  </reporter-output>
  <suite started-at="2022-06-11T08:13:09Z" name="Surefire suite" finished-at="2022-06-11T08:14:18Z" duration-ms="68240">
    <groups>
    </groups>
    <test started-at="2022-06-11T08:13:09Z" name="Surefire test" finished-at="2022-06-11T08:14:18Z" duration-ms="68240">
      <class name="com.simplilearn.ApplicationTests">
        <test-method signature="addStudent()[pri:1, instance:com.simplilearn.ApplicationTests@11e21d0e]" started-at="2022-06-11T08:13:09Z" name="addStudent" finished-at="2022-06-11T08:13:28Z" duration-ms="18782" status="PASS">
          <reporter-output>
          </reporter-output>
        </test-method> <!-- addStudent -->
        <test-method signature="readStudent()[pri:2, instance:com.simplilearn.ApplicationTests@11e21d0e]" started-at="2022-06-11T08:13:28Z" name="readStudent" finished-at="2022-06-11T08:13:40Z" duration-ms="11342" status="PASS">
          <reporter-output>
          </reporter-output>
        </test-method> <!-- readStudent -->
        <test-method signature="updateStudent()[pri:3, instance:com.simplilearn.ApplicationTests@11e21d0e]" started-at="2022-06-11T08:13:40Z" name="updateStudent" finished-at="2022-06-11T08:14:02Z" duration-ms="22390" status="PASS">
          <reporter-output>
          </reporter-output>
        </test-method> <!-- updateStudent -->
        <test-method signature="removeStudent()[pri:4, instance:com.simplilearn.ApplicationTests@11e21d0e]" started-at="2022-06-11T08:14:02Z" name="removeStudent" finished-at="2022-06-11T08:14:18Z" duration-ms="15694" status="PASS">
          <reporter-output>
          </reporter-output>
        </test-method> <!-- removeStudent -->
      </class> <!-- com.simplilearn.ApplicationTests -->
    </test> <!-- Surefire test -->
  </suite> <!-- Surefire suite -->
</testng-results>
